Microsoft HTML Help Compiler 4.74.8702

Compiling c:\Users\client_01\Desktop\guide de jeux Memorise\TmpHtml\guide de jeux.chm

manueldelutilisateurdejeuxmemorisev10.html
descriptiondujeu.html
commentutiliserlejeu.html
pourplusdinformationssurleprogrammecontactez.html
logo.png
nexttopic.png
prevtopic.png
guide de jeux.hhc
guide de jeux.hhk
manueldelutilisateurdejeuxmemorisev101.png
commentutiliserlejeu1.jpg
commentutiliserlejeu2.png
commentutiliserlejeu3.jpg
commentutiliserlejeu4.png
commentutiliserlejeu5.jpg
commentutiliserlejeu6.png
commentutiliserlejeu7.jpg
commentutiliserlejeu8.png
commentutiliserlejeu9.jpg
commentutiliserlejeu10.png
commentutiliserlejeu11.jpg
commentutiliserlejeu12.png
pourplusdinformationssurleprogrammecontactez1.png
green.css
globalstyles.css

Compile time: 0 minutes, 2 seconds
6	Topics
14	Local links
2	Internet links
14	Graphics


Created c:\Users\client_01\Desktop\guide de jeux Memorise\TmpHtml\guide de jeux.chm, 469,709 bytes
Compression decreased file by 111,651 bytes.
